<?xml version="1.0" encoding="UTF-8"?>
<!-- Generated by org.testng.reporters.JUnitReportReporter -->
<testsuite hostname="DESKTOP-FADL0SF" failures="0" tests="5" name="com.data_driven_framework.qa.DataDriven_framework" time="57.676" errors="0" timestamp="2023-02-23T18:27:03 IST" skipped="0">
  <testcase classname="com.data_driven_framework.qa.DataDriven_framework" name="login" time="11.315"/>
  <system-out/>
  <testcase classname="com.data_driven_framework.qa.DataDriven_framework" name="login" time="13.126"/>
  <system-out/>
  <testcase classname="com.data_driven_framework.qa.DataDriven_framework" name="login" time="10.236"/>
  <system-out/>
  <testcase classname="com.data_driven_framework.qa.DataDriven_framework" name="login" time="9.830"/>
  <system-out/>
  <testcase classname="com.data_driven_framework.qa.DataDriven_framework" name="login" time="13.169"/>
  <system-out/>
</testsuite> <!-- com.data_driven_framework.qa.DataDriven_framework -->
